2008-08-15 12:08:16 Notice: Notice (8): Undefined index:  Post in [APP/views/blogs/index.ctp, line 1]
2008-08-15 12:09:00 Notice: Notice (8): Undefined index:  id in [APP/views/blogs/index.ctp, line 1]
2008-08-15 12:26:08 Notice: Notice (8): Undefined index:  id in [APP/views/blogs/index.ctp, line 15]
2008-08-15 12:26:08 Notice: Notice (8): Undefined index:  id in [APP/views/blogs/index.ctp, line 17]
2008-08-15 12:26:08 Notice: Notice (8): Undefined index:  id in [APP/views/blogs/index.ctp, line 20]
2008-08-15 12:26:22 Notice: Notice (8): Undefined index:  id in [APP/views/blogs/index.ctp, line 15]
2008-08-15 12:26:22 Notice: Notice (8): Undefined index:  id in [APP/views/blogs/index.ctp, line 17]
2008-08-15 12:26:22 Notice: Notice (8): Undefined index:  id in [APP/views/blogs/index.ctp, line 20]
2008-08-15 12:30:19 Notice: Notice (8): Undefined index:  id in [APP/views/blogs/index.ctp, line 21]
2008-08-15 13:49:24 Notice: Notice (8): Use of undefined constant ’md5′ - assumed '’md5′' in [APP/controllers/users_controller.php, line 8]
2008-08-18 13:19:13 Notice: Notice (8): Undefined index:  id in [CORE/cake/libs/view/scaffolds/index.ctp, line 67]
2008-08-18 13:19:13 Notice: Notice (8): Undefined index:  id in [CORE/cake/libs/view/scaffolds/index.ctp, line 68]
2008-08-18 13:19:13 Notice: Notice (8): Undefined index:  id in [CORE/cake/libs/view/scaffolds/index.ctp, line 69]
2008-08-19 15:58:41 Notice: Notice (8): Array to string conversion in [CORE/cake/libs/file.php, line 90]
2008-08-19 15:58:41 Notice: Notice (8): Array to string conversion in [CORE/cake/libs/file.php, line 91]
2008-08-19 15:58:41 Notice: Notice (8): Undefined property: File::$primaryKey in [CORE/cake/libs/controller/scaffold.php, line 178]
2008-08-19 15:58:41 Notice: Notice (8): Undefined property: File::$displayField in [CORE/cake/libs/controller/scaffold.php, line 179]
2008-08-19 16:08:52 Notice: Notice (8): Array to string conversion in [CORE/cake/libs/model/model.php, line 547]
2008-08-19 16:08:52 Notice: Notice (8): Array to string conversion in [CORE/cake/libs/model/model.php, line 589]
2008-08-19 16:08:52 Notice: Notice (8): Array to string conversion in [CORE/cake/libs/inflector.php, line 368]
2008-08-19 16:08:52 Notice: Notice (8): Array to string conversion in [CORE/cake/libs/sanitize.php, line 58]
2008-08-19 16:09:43 Notice: Notice (8): Array to string conversion in [CORE/cake/libs/model/model.php, line 547]
2008-08-19 16:09:43 Notice: Notice (8): Array to string conversion in [CORE/cake/libs/model/model.php, line 589]
2008-08-19 16:09:43 Notice: Notice (8): Array to string conversion in [CORE/cake/libs/inflector.php, line 368]
2008-08-19 16:09:43 Notice: Notice (8): Array to string conversion in [CORE/cake/libs/sanitize.php, line 58]
2008-08-19 16:14:52 Notice: Notice (8): Undefined index:  user_id in [CORE/cake/libs/view/scaffolds/view.ctp, line 43]
2008-08-21 15:38:11 Notice: Notice (8): Array to string conversion in [CORE/cake/libs/file.php, line 90]
2008-08-21 15:38:11 Notice: Notice (8): Array to string conversion in [CORE/cake/libs/file.php, line 91]
2008-08-21 15:38:11 Notice: Notice (8): Undefined property: File::$primaryKey in [CORE/cake/libs/controller/scaffold.php, line 178]
2008-08-21 15:38:11 Notice: Notice (8): Undefined property: File::$displayField in [CORE/cake/libs/controller/scaffold.php, line 179]
2008-08-21 16:19:16 Notice: Notice (8): Undefined variable: javascript in [APP/controllers/pages_controller.php, line 12]
2008-08-21 16:20:42 Notice: Notice (8): Undefined variable: javascript in [APP/controllers/pages_controller.php, line 12]
2008-08-21 16:20:58 Notice: Notice (8): Undefined variable: javascript in [APP/controllers/pages_controller.php, line 12]
2008-08-21 17:57:12 Notice: Notice (8): unserialize() [<a href='http://php.net/function.unserialize'>function.unserialize</a>]: Error at offset 0 of 19625 bytes in [CORE/cake/libs/cache/file.php, line 184]
2008-09-16 17:39:34 Notice: Notice (8): Undefined index:  Game in [APP/views/games/index.ctp, line 15]
2008-09-16 17:39:34 Notice: Notice (8): Undefined index:  Game in [APP/views/games/index.ctp, line 17]
2008-09-16 17:39:34 Notice: Notice (8): Undefined index:  Game in [APP/views/games/index.ctp, line 20]
2008-09-16 17:39:34 Notice: Notice (8): Undefined index:  Game in [APP/views/games/index.ctp, line 21]
2008-09-16 17:39:34 Notice: Notice (8): Undefined index:  Game in [APP/views/games/index.ctp, line 23]
2008-09-16 17:43:57 Notice: Notice (8): Undefined index:  title in [APP/views/games/index.ctp, line 17]
2008-09-16 17:43:57 Notice: Notice (8): Undefined index:  entry_id in [APP/views/games/index.ctp, line 17]
2008-09-16 17:43:57 Notice: Notice (8): Undefined index:  entry_id in [APP/views/games/index.ctp, line 20]
2008-09-16 17:43:58 Notice: Notice (8): Undefined index:  entry_id in [APP/views/games/index.ctp, line 21]
2008-09-16 17:43:58 Notice: Notice (8): Undefined index:  created in [APP/views/games/index.ctp, line 23]
2008-09-16 17:45:13 Notice: Notice (8): Undefined index:  created in [APP/views/games/index.ctp, line 23]
2008-09-16 17:46:33 Notice: Notice (8): Undefined index:  created in [APP/views/games/index.ctp, line 23]
2008-09-16 18:02:47 Notice: Notice (8): Undefined variable: blog in [APP/views/games/view.ctp, line 3]
2008-09-27 15:29:11 Notice: Notice (8): Undefined index:  Genre in [APP/views/games/view.ctp, line 5]
2008-09-27 15:52:55 Notice: Notice (8): Undefined property: Game::$download_status in [APP/models/game.php, line 78]
2008-09-27 15:52:55 Notice: Notice (8): Undefined property: Game::$download_status in [APP/models/game.php, line 78]
2008-09-27 15:53:25 Notice: Notice (8): Undefined variable: download_status in [APP/models/game.php, line 78]
2008-09-27 15:55:52 Notice: Notice (8): Undefined property: Game::$Game in [APP/models/game.php, line 78]
2008-09-27 15:55:52 Notice: Notice (8): Trying to get property of non-object in [APP/models/game.php, line 78]
2008-09-27 15:56:03 Notice: Notice (8): Undefined property: Game::$download_status in [APP/models/game.php, line 78]
2008-09-27 15:56:20 Notice: Notice (8): Undefined property: Game::$download_status in [APP/models/game.php, line 79]
2008-09-27 15:58:21 Notice: Notice (8): Undefined property: Game::$download_status in [APP/models/game.php, line 79]
2008-10-07 10:02:24 Notice: Notice (8): Undefined index:  Screenshots in [APP/views/games/view.ctp, line 21]
2008-10-07 10:02:38 Notice: Notice (8): Undefined index:  Screenshots in [APP/views/games/view.ctp, line 21]
2008-10-07 10:02:58 Notice: Notice (8): Undefined index:   in [APP/views/games/view.ctp, line 5]
2008-10-07 10:02:58 Notice: Notice (8): Undefined index:   in [APP/views/games/view.ctp, line 5]
2008-10-07 10:02:58 Notice: Notice (8): Undefined index:   in [APP/views/games/view.ctp, line 5]
2008-10-07 10:11:36 Notice: Notice (8): Undefined index:   in [APP/views/games/view.ctp, line 5]
2008-10-07 10:11:36 Notice: Notice (8): Undefined index:   in [APP/views/games/view.ctp, line 5]
2008-10-07 10:11:37 Notice: Notice (8): Undefined index:   in [APP/views/games/view.ctp, line 5]
2008-10-07 10:13:52 Notice: Notice (8): Undefined index:   in [APP/views/games/view.ctp, line 5]
2008-10-07 10:13:53 Notice: Notice (8): Undefined index:   in [APP/views/games/view.ctp, line 5]
2008-10-07 10:13:53 Notice: Notice (8): Undefined index:   in [APP/views/games/view.ctp, line 5]
2008-10-07 10:15:25 Notice: Notice (8): Undefined index:   in [APP/views/games/view.ctp, line 5]
2008-10-07 10:15:25 Notice: Notice (8): Undefined index:   in [APP/views/games/view.ctp, line 5]
2008-10-07 10:15:26 Notice: Notice (8): Undefined index:   in [APP/views/games/view.ctp, line 5]
2008-10-07 10:30:49 Notice: Notice (8): Undefined index:   in [APP/views/games/view.ctp, line 5]
2008-10-07 10:30:49 Notice: Notice (8): Undefined index:   in [APP/views/games/view.ctp, line 5]
2008-10-07 10:30:50 Notice: Notice (8): Undefined index:   in [APP/views/games/view.ctp, line 5]
2008-10-07 10:33:25 Notice: Notice (8): Undefined index:   in [APP/views/games/view.ctp, line 5]
2008-10-07 10:33:25 Notice: Notice (8): Undefined index:   in [APP/views/games/view.ctp, line 5]
2008-10-07 10:33:26 Notice: Notice (8): Undefined index:   in [APP/views/games/view.ctp, line 5]
2008-10-07 10:34:00 Notice: Notice (8): Undefined index:   in [APP/views/games/view.ctp, line 5]
2008-10-07 10:34:00 Notice: Notice (8): Undefined index:   in [APP/views/games/view.ctp, line 5]
2008-10-07 10:34:01 Notice: Notice (8): Undefined index:   in [APP/views/games/view.ctp, line 5]
2008-10-07 10:34:50 Notice: Notice (8): Undefined index:   in [APP/views/games/view.ctp, line 5]
2008-10-07 10:34:50 Notice: Notice (8): Undefined index:   in [APP/views/games/view.ctp, line 5]
2008-10-07 10:34:51 Notice: Notice (8): Undefined index:   in [APP/views/games/view.ctp, line 5]
2008-10-07 10:37:58 Notice: Notice (8): Undefined index:   in [APP/views/games/view.ctp, line 5]
2008-10-07 10:37:59 Notice: Notice (8): Undefined index:   in [APP/views/games/view.ctp, line 5]
2008-10-07 10:37:59 Notice: Notice (8): Undefined index:   in [APP/views/games/view.ctp, line 5]
2008-10-07 10:39:13 Notice: Notice (8): Undefined index:   in [APP/views/games/view.ctp, line 5]
2008-10-07 10:39:38 Notice: Notice (8): Undefined index:   in [APP/views/games/view.ctp, line 5]
2008-10-07 10:39:51 Notice: Notice (8): Undefined index:   in [APP/views/games/view.ctp, line 5]
2008-10-07 10:46:31 Notice: Notice (8): Undefined property: GamesController::$Download in [APP/controllers/games_controller.php, line 26]
2008-10-07 10:46:31 Notice: Notice (8): Trying to get property of non-object in [APP/controllers/games_controller.php, line 26]
2008-10-07 10:46:31 Notice: Notice (8): Undefined property: GamesController::$Download in [APP/controllers/games_controller.php, line 27]
2008-10-07 10:46:31 Notice: Notice (8): Trying to get property of non-object in [APP/controllers/games_controller.php, line 27]
2008-10-07 10:46:32 Notice: Notice (8): Undefined property: GamesController::$Download in [APP/controllers/games_controller.php, line 26]
2008-10-07 10:46:32 Notice: Notice (8): Trying to get property of non-object in [APP/controllers/games_controller.php, line 26]
2008-10-07 10:46:32 Notice: Notice (8): Undefined property: GamesController::$Download in [APP/controllers/games_controller.php, line 27]
2008-10-07 10:46:33 Notice: Notice (8): Trying to get property of non-object in [APP/controllers/games_controller.php, line 27]
2008-10-07 10:46:33 Notice: Notice (8): Undefined index:   in [APP/views/games/view.ctp, line 5]
2008-10-07 10:46:33 Notice: Notice (8): Undefined property: GamesController::$Download in [APP/controllers/games_controller.php, line 26]
2008-10-07 10:46:33 Notice: Notice (8): Trying to get property of non-object in [APP/controllers/games_controller.php, line 26]
2008-10-07 10:46:33 Notice: Notice (8): Undefined property: GamesController::$Download in [APP/controllers/games_controller.php, line 27]
2008-10-07 10:46:33 Notice: Notice (8): Trying to get property of non-object in [APP/controllers/games_controller.php, line 27]
2008-10-07 10:46:33 Notice: Notice (8): Undefined index:   in [APP/views/games/view.ctp, line 5]
2008-10-07 10:46:34 Notice: Notice (8): Undefined property: GamesController::$Download in [APP/controllers/games_controller.php, line 26]
2008-10-07 10:46:34 Notice: Notice (8): Trying to get property of non-object in [APP/controllers/games_controller.php, line 26]
2008-10-07 10:46:34 Notice: Notice (8): Undefined property: GamesController::$Download in [APP/controllers/games_controller.php, line 27]
2008-10-07 10:46:34 Notice: Notice (8): Trying to get property of non-object in [APP/controllers/games_controller.php, line 27]
2008-10-07 10:46:34 Notice: Notice (8): Undefined index:   in [APP/views/games/view.ctp, line 5]
2008-10-07 10:48:47 Notice: Notice (8): Undefined index:   in [APP/views/games/view.ctp, line 5]
2008-10-07 10:48:47 Notice: Notice (8): Undefined index:   in [APP/views/games/view.ctp, line 5]
2008-10-07 10:48:48 Notice: Notice (8): Undefined index:   in [APP/views/games/view.ctp, line 5]
2008-10-07 10:49:23 Notice: Notice (8): Undefined index:   in [APP/views/games/view.ctp, line 5]
2008-10-07 10:49:24 Notice: Notice (8): Undefined index:   in [APP/views/games/view.ctp, line 5]
2008-10-07 10:49:25 Notice: Notice (8): Undefined index:   in [APP/views/games/view.ctp, line 5]
2008-10-07 10:49:44 Notice: Notice (8): Undefined index:   in [APP/views/games/view.ctp, line 5]
2008-10-07 11:07:17 Notice: Notice (8): Undefined property: Rating::$Rating in [APP/models/rating.php, line 23]
2008-10-07 11:07:35 Notice: Notice (8): Undefined index:   in [APP/views/games/view.ctp, line 5]
2008-10-07 11:08:11 Notice: Notice (8): Undefined variable: ratings in [APP/views/games/view.ctp, line 30]
2008-10-07 11:08:12 Notice: Notice (8): Undefined index:   in [APP/views/games/view.ctp, line 5]
2008-10-07 11:08:12 Notice: Notice (8): Undefined variable: ratings in [APP/views/games/view.ctp, line 30]
2008-10-07 11:08:26 Notice: Notice (8): Undefined index:   in [APP/views/games/view.ctp, line 5]
2008-10-07 11:08:36 Notice: Notice (8): Undefined index:   in [APP/views/games/view.ctp, line 5]
2008-10-07 11:08:37 Notice: Notice (8): Undefined index:   in [APP/views/games/view.ctp, line 5]
2008-10-07 11:08:37 Notice: Notice (8): Undefined index:   in [APP/views/games/view.ctp, line 5]
2008-10-07 11:10:13 Notice: Notice (8): Undefined index:   in [APP/views/games/view.ctp, line 5]
2008-10-07 11:10:13 Notice: Notice (8): Undefined index:   in [APP/views/games/view.ctp, line 5]
2008-10-07 11:10:14 Notice: Notice (8): Undefined index:   in [APP/views/games/view.ctp, line 5]
2008-10-07 11:14:41 Notice: Notice (8): Undefined index:   in [APP/views/games/view.ctp, line 5]
2008-10-07 11:14:41 Notice: Notice (8): Undefined index:   in [APP/views/games/view.ctp, line 5]
2008-10-07 11:14:42 Notice: Notice (8): Undefined index:   in [APP/views/games/view.ctp, line 5]
2008-10-07 11:15:15 Notice: Notice (8): Undefined index:   in [APP/views/games/view.ctp, line 5]
2008-10-07 11:15:15 Notice: Notice (8): Undefined index:   in [APP/views/games/view.ctp, line 5]
2008-10-07 11:15:16 Notice: Notice (8): Undefined index:   in [APP/views/games/view.ctp, line 5]
2008-10-07 11:20:55 Notice: Notice (8): Undefined variable: type in [APP/views/games/view.ctp, line 30]
2008-10-07 11:20:56 Notice: Notice (8): unserialize() [<a href='http://php.net/function.unserialize'>function.unserialize</a>]: Error at offset 0 of 779 bytes in [CORE/cake/libs/cache/file.php, line 184]
2008-10-07 11:20:58 Notice: Notice (8): Undefined index:   in [APP/views/games/view.ctp, line 5]
2008-10-07 11:20:58 Notice: Notice (8): Undefined index:   in [APP/views/games/view.ctp, line 5]
2008-10-07 11:20:58 Notice: Notice (8): Undefined index:   in [APP/views/games/view.ctp, line 5]
2008-10-07 11:20:58 Notice: Notice (8): Undefined variable: type in [APP/views/games/view.ctp, line 30]
2008-10-07 11:20:58 Notice: Notice (8): Undefined variable: type in [APP/views/games/view.ctp, line 30]
2008-10-07 11:20:58 Notice: Notice (8): Undefined variable: type in [APP/views/games/view.ctp, line 30]
2008-10-07 11:21:11 Notice: Notice (8): Undefined index:   in [APP/views/games/view.ctp, line 5]
2008-10-07 11:21:11 Notice: Notice (8): Undefined offset:  0 in [APP/views/games/view.ctp, line 32]
2008-10-07 11:21:11 Notice: Notice (8): Undefined offset:  1 in [APP/views/games/view.ctp, line 32]
2008-10-07 11:21:11 Notice: Notice (8): Undefined offset:  2 in [APP/views/games/view.ctp, line 32]
2008-10-07 11:21:11 Notice: Notice (8): Undefined offset:  3 in [APP/views/games/view.ctp, line 32]
2008-10-07 11:21:11 Notice: Notice (8): Undefined offset:  4 in [APP/views/games/view.ctp, line 32]
2008-10-07 11:21:11 Notice: Notice (8): Undefined offset:  5 in [APP/views/games/view.ctp, line 32]
2008-10-07 11:21:11 Notice: Notice (8): Undefined offset:  6 in [APP/views/games/view.ctp, line 32]
2008-10-07 11:21:12 Notice: Notice (8): Undefined index:   in [APP/views/games/view.ctp, line 5]
2008-10-07 11:21:12 Notice: Notice (8): Undefined offset:  0 in [APP/views/games/view.ctp, line 32]
2008-10-07 11:21:12 Notice: Notice (8): Undefined offset:  1 in [APP/views/games/view.ctp, line 32]
2008-10-07 11:21:12 Notice: Notice (8): Undefined offset:  2 in [APP/views/games/view.ctp, line 32]
2008-10-07 11:21:12 Notice: Notice (8): Undefined offset:  3 in [APP/views/games/view.ctp, line 32]
2008-10-07 11:21:12 Notice: Notice (8): Undefined offset:  4 in [APP/views/games/view.ctp, line 32]
2008-10-07 11:21:12 Notice: Notice (8): Undefined offset:  5 in [APP/views/games/view.ctp, line 32]
2008-10-07 11:21:12 Notice: Notice (8): Undefined offset:  6 in [APP/views/games/view.ctp, line 32]
2008-10-07 11:21:13 Notice: Notice (8): Undefined index:   in [APP/views/games/view.ctp, line 5]
2008-10-07 11:21:13 Notice: Notice (8): Undefined offset:  0 in [APP/views/games/view.ctp, line 32]
2008-10-07 11:21:13 Notice: Notice (8): Undefined offset:  1 in [APP/views/games/view.ctp, line 32]
2008-10-07 11:21:13 Notice: Notice (8): Undefined offset:  2 in [APP/views/games/view.ctp, line 32]
2008-10-07 11:21:13 Notice: Notice (8): Undefined offset:  3 in [APP/views/games/view.ctp, line 32]
2008-10-07 11:21:13 Notice: Notice (8): Undefined offset:  4 in [APP/views/games/view.ctp, line 32]
2008-10-07 11:21:13 Notice: Notice (8): Undefined offset:  5 in [APP/views/games/view.ctp, line 32]
2008-10-07 11:21:13 Notice: Notice (8): Undefined offset:  6 in [APP/views/games/view.ctp, line 32]
2008-10-07 11:22:53 Notice: Notice (8): Undefined index:   in [APP/views/games/view.ctp, line 5]
2008-10-07 11:22:53 Notice: Notice (8): Undefined offset:  0 in [APP/views/games/view.ctp, line 32]
2008-10-07 11:22:53 Notice: Notice (8): Undefined offset:  1 in [APP/views/games/view.ctp, line 32]
2008-10-07 11:22:53 Notice: Notice (8): Undefined offset:  2 in [APP/views/games/view.ctp, line 32]
2008-10-07 11:22:53 Notice: Notice (8): Undefined offset:  3 in [APP/views/games/view.ctp, line 32]
2008-10-07 11:22:53 Notice: Notice (8): Undefined offset:  4 in [APP/views/games/view.ctp, line 32]
2008-10-07 11:22:53 Notice: Notice (8): Undefined offset:  5 in [APP/views/games/view.ctp, line 32]
2008-10-07 11:22:53 Notice: Notice (8): Undefined offset:  6 in [APP/views/games/view.ctp, line 32]
2008-10-07 11:22:53 Notice: Notice (8): Undefined index:   in [APP/views/games/view.ctp, line 5]
2008-10-07 11:22:53 Notice: Notice (8): Undefined offset:  0 in [APP/views/games/view.ctp, line 32]
2008-10-07 11:22:53 Notice: Notice (8): Undefined offset:  1 in [APP/views/games/view.ctp, line 32]
2008-10-07 11:22:53 Notice: Notice (8): Undefined offset:  2 in [APP/views/games/view.ctp, line 32]
2008-10-07 11:22:53 Notice: Notice (8): Undefined offset:  3 in [APP/views/games/view.ctp, line 32]
2008-10-07 11:22:53 Notice: Notice (8): Undefined offset:  4 in [APP/views/games/view.ctp, line 32]
2008-10-07 11:22:53 Notice: Notice (8): Undefined offset:  5 in [APP/views/games/view.ctp, line 32]
2008-10-07 11:22:53 Notice: Notice (8): Undefined offset:  6 in [APP/views/games/view.ctp, line 32]
2008-10-07 11:22:54 Notice: Notice (8): Undefined index:   in [APP/views/games/view.ctp, line 5]
2008-10-07 11:22:54 Notice: Notice (8): Undefined offset:  0 in [APP/views/games/view.ctp, line 32]
2008-10-07 11:22:54 Notice: Notice (8): Undefined offset:  1 in [APP/views/games/view.ctp, line 32]
2008-10-07 11:22:54 Notice: Notice (8): Undefined offset:  2 in [APP/views/games/view.ctp, line 32]
2008-10-07 11:22:54 Notice: Notice (8): Undefined offset:  3 in [APP/views/games/view.ctp, line 32]
2008-10-07 11:22:54 Notice: Notice (8): Undefined offset:  4 in [APP/views/games/view.ctp, line 32]
2008-10-07 11:22:54 Notice: Notice (8): Undefined offset:  5 in [APP/views/games/view.ctp, line 32]
2008-10-07 11:22:54 Notice: Notice (8): Undefined offset:  6 in [APP/views/games/view.ctp, line 32]
2008-10-07 11:23:41 Notice: Notice (8): Undefined index:   in [APP/views/games/view.ctp, line 5]
2008-10-07 11:23:41 Notice: Notice (8): Undefined offset:  0 in [APP/views/games/view.ctp, line 32]
2008-10-07 11:23:41 Notice: Notice (8): Undefined offset:  1 in [APP/views/games/view.ctp, line 32]
2008-10-07 11:23:41 Notice: Notice (8): Undefined offset:  2 in [APP/views/games/view.ctp, line 32]
2008-10-07 11:23:41 Notice: Notice (8): Undefined offset:  3 in [APP/views/games/view.ctp, line 32]
2008-10-07 11:23:41 Notice: Notice (8): Undefined offset:  4 in [APP/views/games/view.ctp, line 32]
2008-10-07 11:23:41 Notice: Notice (8): Undefined offset:  5 in [APP/views/games/view.ctp, line 32]
2008-10-07 11:23:41 Notice: Notice (8): Undefined offset:  6 in [APP/views/games/view.ctp, line 32]
2008-10-07 11:23:42 Notice: Notice (8): Undefined index:   in [APP/views/games/view.ctp, line 5]
2008-10-07 11:23:42 Notice: Notice (8): Undefined offset:  0 in [APP/views/games/view.ctp, line 32]
2008-10-07 11:23:42 Notice: Notice (8): Undefined offset:  1 in [APP/views/games/view.ctp, line 32]
2008-10-07 11:23:42 Notice: Notice (8): Undefined offset:  2 in [APP/views/games/view.ctp, line 32]
2008-10-07 11:23:42 Notice: Notice (8): Undefined offset:  3 in [APP/views/games/view.ctp, line 32]
2008-10-07 11:23:42 Notice: Notice (8): Undefined offset:  4 in [APP/views/games/view.ctp, line 32]
2008-10-07 11:23:42 Notice: Notice (8): Undefined offset:  5 in [APP/views/games/view.ctp, line 32]
2008-10-07 11:23:42 Notice: Notice (8): Undefined offset:  6 in [APP/views/games/view.ctp, line 32]
2008-10-07 11:23:42 Notice: Notice (8): Undefined index:   in [APP/views/games/view.ctp, line 5]
2008-10-07 11:23:42 Notice: Notice (8): Undefined offset:  0 in [APP/views/games/view.ctp, line 32]
2008-10-07 11:23:42 Notice: Notice (8): Undefined offset:  1 in [APP/views/games/view.ctp, line 32]
2008-10-07 11:23:42 Notice: Notice (8): Undefined offset:  2 in [APP/views/games/view.ctp, line 32]
2008-10-07 11:23:42 Notice: Notice (8): Undefined offset:  3 in [APP/views/games/view.ctp, line 32]
2008-10-07 11:23:43 Notice: Notice (8): Undefined offset:  4 in [APP/views/games/view.ctp, line 32]
2008-10-07 11:23:43 Notice: Notice (8): Undefined offset:  5 in [APP/views/games/view.ctp, line 32]
2008-10-07 11:23:43 Notice: Notice (8): Undefined offset:  6 in [APP/views/games/view.ctp, line 32]
2008-10-07 11:24:42 Notice: Notice (8): Undefined index:   in [APP/views/games/view.ctp, line 5]
2008-10-07 11:24:42 Notice: Notice (8): Undefined offset:  0 in [APP/views/games/view.ctp, line 32]
2008-10-07 11:24:42 Notice: Notice (8): Undefined offset:  1 in [APP/views/games/view.ctp, line 32]
2008-10-07 11:24:42 Notice: Notice (8): Undefined offset:  2 in [APP/views/games/view.ctp, line 32]
2008-10-07 11:24:42 Notice: Notice (8): Undefined offset:  3 in [APP/views/games/view.ctp, line 32]
2008-10-07 11:24:42 Notice: Notice (8): Undefined offset:  4 in [APP/views/games/view.ctp, line 32]
2008-10-07 11:24:42 Notice: Notice (8): Undefined offset:  5 in [APP/views/games/view.ctp, line 32]
2008-10-07 11:24:42 Notice: Notice (8): Undefined offset:  6 in [APP/views/games/view.ctp, line 32]
2008-10-07 11:24:42 Notice: Notice (8): Undefined index:   in [APP/views/games/view.ctp, line 5]
2008-10-07 11:24:42 Notice: Notice (8): Undefined offset:  0 in [APP/views/games/view.ctp, line 32]
2008-10-07 11:24:42 Notice: Notice (8): Undefined offset:  1 in [APP/views/games/view.ctp, line 32]
2008-10-07 11:24:42 Notice: Notice (8): Undefined offset:  2 in [APP/views/games/view.ctp, line 32]
2008-10-07 11:24:42 Notice: Notice (8): Undefined offset:  3 in [APP/views/games/view.ctp, line 32]
2008-10-07 11:24:42 Notice: Notice (8): Undefined offset:  4 in [APP/views/games/view.ctp, line 32]
2008-10-07 11:24:42 Notice: Notice (8): Undefined offset:  5 in [APP/views/games/view.ctp, line 32]
2008-10-07 11:24:42 Notice: Notice (8): Undefined offset:  6 in [APP/views/games/view.ctp, line 32]
2008-10-07 11:24:43 Notice: Notice (8): Undefined index:   in [APP/views/games/view.ctp, line 5]
2008-10-07 11:24:43 Notice: Notice (8): Undefined offset:  0 in [APP/views/games/view.ctp, line 32]
2008-10-07 11:24:43 Notice: Notice (8): Undefined offset:  1 in [APP/views/games/view.ctp, line 32]
2008-10-07 11:24:43 Notice: Notice (8): Undefined offset:  2 in [APP/views/games/view.ctp, line 32]
2008-10-07 11:24:43 Notice: Notice (8): Undefined offset:  3 in [APP/views/games/view.ctp, line 32]
2008-10-07 11:24:43 Notice: Notice (8): Undefined offset:  4 in [APP/views/games/view.ctp, line 32]
2008-10-07 11:24:43 Notice: Notice (8): Undefined offset:  5 in [APP/views/games/view.ctp, line 32]
2008-10-07 11:24:43 Notice: Notice (8): Undefined offset:  6 in [APP/views/games/view.ctp, line 32]
2008-10-07 11:29:37 Notice: Notice (8): Undefined index:   in [APP/views/games/view.ctp, line 5]
2008-10-07 11:29:37 Notice: Notice (8): Undefined offset:  0 in [APP/views/games/view.ctp, line 32]
2008-10-07 11:29:37 Notice: Notice (8): Undefined offset:  1 in [APP/views/games/view.ctp, line 32]
2008-10-07 11:29:37 Notice: Notice (8): Undefined offset:  2 in [APP/views/games/view.ctp, line 32]
2008-10-07 11:29:38 Notice: Notice (8): Undefined offset:  3 in [APP/views/games/view.ctp, line 32]
2008-10-07 11:29:38 Notice: Notice (8): Undefined offset:  4 in [APP/views/games/view.ctp, line 32]
2008-10-07 11:29:38 Notice: Notice (8): Undefined offset:  5 in [APP/views/games/view.ctp, line 32]
2008-10-07 11:29:38 Notice: Notice (8): Undefined offset:  6 in [APP/views/games/view.ctp, line 32]
2008-10-07 11:29:38 Notice: Notice (8): Undefined index:   in [APP/views/games/view.ctp, line 5]
2008-10-07 11:29:38 Notice: Notice (8): Undefined offset:  0 in [APP/views/games/view.ctp, line 32]
2008-10-07 11:29:38 Notice: Notice (8): Undefined offset:  1 in [APP/views/games/view.ctp, line 32]
2008-10-07 11:29:38 Notice: Notice (8): Undefined offset:  2 in [APP/views/games/view.ctp, line 32]
2008-10-07 11:29:38 Notice: Notice (8): Undefined offset:  3 in [APP/views/games/view.ctp, line 32]
2008-10-07 11:29:38 Notice: Notice (8): Undefined offset:  4 in [APP/views/games/view.ctp, line 32]
2008-10-07 11:29:38 Notice: Notice (8): Undefined offset:  5 in [APP/views/games/view.ctp, line 32]
2008-10-07 11:29:38 Notice: Notice (8): Undefined offset:  6 in [APP/views/games/view.ctp, line 32]
2008-10-07 11:29:38 Notice: Notice (8): Undefined index:   in [APP/views/games/view.ctp, line 5]
2008-10-07 11:29:38 Notice: Notice (8): Undefined offset:  0 in [APP/views/games/view.ctp, line 32]
2008-10-07 11:29:39 Notice: Notice (8): Undefined offset:  1 in [APP/views/games/view.ctp, line 32]
2008-10-07 11:29:39 Notice: Notice (8): Undefined offset:  2 in [APP/views/games/view.ctp, line 32]
2008-10-07 11:29:39 Notice: Notice (8): Undefined offset:  3 in [APP/views/games/view.ctp, line 32]
2008-10-07 11:29:39 Notice: Notice (8): Undefined offset:  4 in [APP/views/games/view.ctp, line 32]
2008-10-07 11:29:39 Notice: Notice (8): Undefined offset:  5 in [APP/views/games/view.ctp, line 32]
2008-10-07 11:29:39 Notice: Notice (8): Undefined offset:  6 in [APP/views/games/view.ctp, line 32]
2008-10-07 11:30:06 Notice: Notice (8): Undefined offset:  0 in [APP/views/games/view.ctp, line 32]
2008-10-07 11:30:06 Notice: Notice (8): Undefined offset:  1 in [APP/views/games/view.ctp, line 32]
2008-10-07 11:30:06 Notice: Notice (8): Undefined offset:  2 in [APP/views/games/view.ctp, line 32]
2008-10-07 11:30:06 Notice: Notice (8): Undefined offset:  3 in [APP/views/games/view.ctp, line 32]
2008-10-07 11:30:06 Notice: Notice (8): Undefined offset:  4 in [APP/views/games/view.ctp, line 32]
2008-10-07 11:30:06 Notice: Notice (8): Undefined offset:  5 in [APP/views/games/view.ctp, line 32]
2008-10-07 11:30:06 Notice: Notice (8): Undefined offset:  6 in [APP/views/games/view.ctp, line 32]
2008-10-07 11:30:06 Notice: Notice (8): Undefined index:   in [APP/views/games/view.ctp, line 5]
2008-10-07 11:30:07 Notice: Notice (8): Undefined offset:  0 in [APP/views/games/view.ctp, line 32]
2008-10-07 11:30:07 Notice: Notice (8): Undefined offset:  1 in [APP/views/games/view.ctp, line 32]
2008-10-07 11:30:07 Notice: Notice (8): Undefined offset:  2 in [APP/views/games/view.ctp, line 32]
2008-10-07 11:30:07 Notice: Notice (8): Undefined offset:  3 in [APP/views/games/view.ctp, line 32]
2008-10-07 11:30:07 Notice: Notice (8): Undefined offset:  4 in [APP/views/games/view.ctp, line 32]
2008-10-07 11:30:07 Notice: Notice (8): Undefined offset:  5 in [APP/views/games/view.ctp, line 32]
2008-10-07 11:30:07 Notice: Notice (8): Undefined offset:  6 in [APP/views/games/view.ctp, line 32]
2008-10-07 11:31:52 Notice: Notice (8): Undefined index:   in [APP/views/games/view.ctp, line 5]
2008-10-07 11:32:26 Notice: Notice (8): Undefined index:   in [APP/views/games/view.ctp, line 5]
2008-10-07 11:32:45 Notice: Notice (8): Undefined index:   in [APP/views/games/view.ctp, line 5]
2008-10-07 11:37:34 Notice: Notice (8): Undefined index:  review_amount in [APP/views/games/view.ctp, line 9]
2008-10-07 11:37:34 Notice: Notice (8): Undefined index:  download_count in [APP/views/games/view.ctp, line 10]
2008-10-07 11:37:34 Notice: Notice (8): Undefined index:  forum_link in [APP/views/games/view.ctp, line 11]
2008-10-07 11:37:35 Notice: Notice (8): Undefined index:   in [APP/views/games/view.ctp, line 6]
2008-10-07 11:38:02 Notice: Notice (8): Undefined index:   in [APP/views/games/view.ctp, line 6]
2008-10-07 11:38:30 Notice: Notice (8): Undefined index:   in [APP/views/games/view.ctp, line 6]
2008-10-07 11:39:02 Notice: Notice (8): Undefined index:   in [APP/views/games/view.ctp, line 6]
2008-10-07 11:39:03 Notice: Notice (8): Undefined index:   in [APP/views/games/view.ctp, line 6]
2008-10-07 11:39:03 Notice: Notice (8): Undefined index:   in [APP/views/games/view.ctp, line 6]
2008-10-07 11:40:45 Notice: Notice (8): Undefined index:   in [APP/views/games/view.ctp, line 6]
2008-10-07 11:40:45 Notice: Notice (8): Undefined index:   in [APP/views/games/view.ctp, line 6]
2008-10-07 11:40:45 Notice: Notice (8): Undefined index:   in [APP/views/games/view.ctp, line 6]
2008-10-07 11:42:58 Notice: Notice (8): Undefined index:   in [APP/views/games/view.ctp, line 6]
2008-10-07 11:42:58 Notice: Notice (8): Undefined index:   in [APP/views/games/view.ctp, line 6]
2008-10-07 11:42:59 Notice: Notice (8): Undefined index:   in [APP/views/games/view.ctp, line 6]
2008-10-07 11:43:15 Notice: Notice (8): Undefined index:   in [APP/views/games/view.ctp, line 6]
2008-10-07 11:44:40 Notice: Notice (8): Undefined index:   in [APP/views/games/view.ctp, line 6]
2008-10-07 11:44:40 Notice: Notice (8): Undefined index:   in [APP/views/games/view.ctp, line 6]
2008-10-07 11:44:41 Notice: Notice (8): Undefined index:   in [APP/views/games/view.ctp, line 6]
2008-10-07 11:46:16 Notice: Notice (8): Undefined index:   in [APP/views/games/view.ctp, line 6]
2008-10-07 11:46:16 Notice: Notice (8): Undefined index:   in [APP/views/games/view.ctp, line 6]
2008-10-07 11:46:17 Notice: Notice (8): Undefined index:   in [APP/views/games/view.ctp, line 6]
2008-10-07 11:48:36 Notice: Notice (8): Undefined index:   in [APP/views/games/view.ctp, line 6]
2008-10-07 11:48:37 Notice: Notice (8): Undefined index:   in [APP/views/games/view.ctp, line 6]
2008-10-07 11:48:37 Notice: Notice (8): Undefined index:   in [APP/views/games/view.ctp, line 6]
2008-10-07 11:51:25 Notice: Notice (8): Undefined index:   in [APP/views/games/view.ctp, line 6]
2008-10-07 11:51:26 Notice: Notice (8): Undefined index:   in [APP/views/games/view.ctp, line 6]
2008-10-07 11:51:26 Notice: Notice (8): Undefined index:   in [APP/views/games/view.ctp, line 6]
2008-10-07 11:51:43 Notice: Notice (8): Undefined index:   in [APP/views/games/view.ctp, line 6]
2008-10-07 11:51:43 Notice: Notice (8): Undefined index:   in [APP/views/games/view.ctp, line 6]
2008-10-07 11:51:43 Notice: Notice (8): Undefined index:   in [APP/views/games/view.ctp, line 6]
2008-10-07 11:52:09 Notice: Notice (8): Undefined index:   in [APP/views/games/view.ctp, line 6]
2008-10-07 11:52:10 Notice: Notice (8): Undefined index:   in [APP/views/games/view.ctp, line 6]
2008-10-07 11:52:10 Notice: Notice (8): Undefined index:   in [APP/views/games/view.ctp, line 6]
2008-10-07 11:56:34 Notice: Notice (8): Undefined index:   in [APP/views/games/view.ctp, line 6]
2008-10-07 11:56:34 Notice: Notice (8): Undefined index:   in [APP/views/games/view.ctp, line 6]
2008-10-07 11:56:35 Notice: Notice (8): Undefined index:   in [APP/views/games/view.ctp, line 6]
2008-10-07 11:57:02 Notice: Notice (8): Undefined index:   in [APP/views/games/view.ctp, line 6]
2008-10-07 11:57:02 Notice: Notice (8): Undefined index:   in [APP/views/games/view.ctp, line 6]
2008-10-07 11:57:03 Notice: Notice (8): Undefined index:   in [APP/views/games/view.ctp, line 6]
2008-10-07 11:59:56 Notice: Notice (8): Undefined index:   in [APP/views/games/view.ctp, line 6]
2008-10-07 11:59:56 Notice: Notice (8): Undefined index:   in [APP/views/games/view.ctp, line 6]
2008-10-07 11:59:57 Notice: Notice (8): Undefined index:   in [APP/views/games/view.ctp, line 6]
2008-10-07 12:02:55 Notice: Notice (8): Undefined index:   in [APP/views/games/view.ctp, line 6]
2008-10-07 12:02:55 Notice: Notice (8): Undefined index:   in [APP/views/games/view.ctp, line 6]
2008-10-07 12:02:56 Notice: Notice (8): Undefined index:   in [APP/views/games/view.ctp, line 6]
2008-10-07 12:22:05 Notice: Notice (8): Undefined index:   in [APP/views/games/view.ctp, line 6]
2008-10-07 12:22:06 Notice: Notice (8): Undefined index:   in [APP/views/games/view.ctp, line 6]
2008-10-07 12:22:06 Notice: Notice (8): Undefined index:   in [APP/views/games/view.ctp, line 6]
2008-10-07 12:23:01 Notice: Notice (8): Undefined index:   in [APP/views/games/view.ctp, line 6]
2008-10-07 12:23:01 Notice: Notice (8): Undefined index:   in [APP/views/games/view.ctp, line 6]
2008-10-07 12:23:02 Notice: Notice (8): Undefined index:   in [APP/views/games/view.ctp, line 6]
2008-10-07 12:23:58 Notice: Notice (8): Undefined index:  Screenshot in [APP/views/games/view.ctp, line 29]
2008-10-07 12:23:58 Notice: Notice (8): Undefined index:  Download in [APP/views/games/view.ctp, line 51]
2008-10-07 12:23:58 Notice: Notice (8): Undefined index:  Review in [APP/views/games/view.ctp, line 58]
2008-10-07 12:24:18 Notice: Notice (8): Undefined index:   in [APP/views/games/view.ctp, line 6]
2008-10-07 12:24:18 Notice: Notice (8): Undefined index:   in [APP/views/games/view.ctp, line 6]
2008-10-07 12:24:19 Notice: Notice (8): Undefined index:   in [APP/views/games/view.ctp, line 6]
2008-10-07 12:26:08 Notice: Notice (8): Undefined index:   in [APP/views/games/view.ctp, line 6]
2008-10-07 12:26:09 Notice: Notice (8): Undefined index:   in [APP/views/games/view.ctp, line 6]
2008-10-07 12:26:09 Notice: Notice (8): Undefined index:   in [APP/views/games/view.ctp, line 6]
2008-10-07 12:28:03 Notice: Notice (8): Undefined index:   in [APP/views/games/view.ctp, line 6]
2008-10-07 12:28:04 Notice: Notice (8): Undefined index:   in [APP/views/games/view.ctp, line 6]
2008-10-07 12:28:04 Notice: Notice (8): Undefined index:   in [APP/views/games/view.ctp, line 6]
2008-10-07 12:33:25 Notice: Notice (8): Undefined index:  Rating in [CORE/cake/libs/model/datasources/dbo_source.php, line 885]
2008-10-07 12:33:25 Notice: Notice (8): unserialize() [<a href='http://php.net/function.unserialize'>function.unserialize</a>]: Error at offset 0 of 779 bytes in [CORE/cake/libs/cache/file.php, line 184]
2008-10-07 12:33:27 Notice: Notice (8): Undefined index:   in [APP/views/games/view.ctp, line 6]
2008-10-07 12:33:27 Notice: Notice (8): Undefined index:   in [APP/views/games/view.ctp, line 6]
2008-10-07 12:33:27 Notice: Notice (8): Undefined index:   in [APP/views/games/view.ctp, line 6]
2008-10-07 12:35:46 Notice: Notice (8): Undefined index:  Rating in [CORE/cake/libs/model/datasources/dbo_source.php, line 885]
2008-10-07 12:35:46 Notice: Notice (8): Undefined variable: ratings in [APP/views/games/view.ctp, line 39]
2008-10-07 12:35:48 Notice: Notice (8): Undefined index:   in [APP/views/games/view.ctp, line 6]
2008-10-07 12:35:48 Notice: Notice (8): Undefined index:   in [APP/views/games/view.ctp, line 6]
2008-10-07 12:35:49 Notice: Notice (8): Undefined index:   in [APP/views/games/view.ctp, line 6]
2008-10-07 12:35:49 Notice: Notice (8): Undefined variable: ratings in [APP/views/games/view.ctp, line 39]
2008-10-07 12:35:49 Notice: Notice (8): Undefined variable: ratings in [APP/views/games/view.ctp, line 39]
2008-10-07 12:35:49 Notice: Notice (8): Undefined variable: ratings in [APP/views/games/view.ctp, line 39]
2008-10-07 12:36:52 Notice: Notice (8): Undefined index:  Rating in [CORE/cake/libs/model/datasources/dbo_source.php, line 885]
2008-10-07 12:40:14 Notice: Notice (8): Undefined index:   in [APP/views/games/view.ctp, line 10]
2008-10-07 12:40:15 Notice: Notice (8): Undefined index:   in [APP/views/games/view.ctp, line 10]
2008-10-07 12:40:15 Notice: Notice (8): Undefined index:   in [APP/views/games/view.ctp, line 10]
2008-10-07 12:41:31 Notice: Notice (8): Undefined index:   in [APP/views/games/view.ctp, line 6]
2008-10-07 12:41:31 Notice: Notice (8): Undefined index:   in [APP/views/games/view.ctp, line 6]
2008-10-07 12:41:32 Notice: Notice (8): Undefined index:   in [APP/views/games/view.ctp, line 6]
2008-10-07 12:44:00 Notice: Notice (8): Undefined index:  Reviews in [APP/views/games/view.ctp, line 1]
2008-10-07 12:44:01 Notice: Notice (8): Undefined index:   in [APP/views/games/view.ctp, line 7]
2008-10-07 12:44:02 Notice: Notice (8): Undefined index:   in [APP/views/games/view.ctp, line 7]
2008-10-07 12:44:03 Notice: Notice (8): Undefined index:   in [APP/views/games/view.ctp, line 7]
2008-10-07 12:44:15 Notice: Notice (8): Undefined index:   in [APP/views/games/view.ctp, line 7]
2008-10-07 12:44:16 Notice: Notice (8): Undefined index:   in [APP/views/games/view.ctp, line 7]
2008-10-07 12:44:17 Notice: Notice (8): Undefined index:   in [APP/views/games/view.ctp, line 7]
2008-10-07 12:50:25 Notice: Notice (8): Undefined index:   in [APP/views/games/view.ctp, line 7]
2008-10-07 12:50:25 Notice: Notice (8): Undefined index:   in [APP/views/games/view.ctp, line 7]
2008-10-07 12:50:27 Notice: Notice (8): Undefined index:   in [APP/views/games/view.ctp, line 7]
2008-10-07 12:52:40 Notice: Notice (8): unserialize() [<a href='http://php.net/function.unserialize'>function.unserialize</a>]: Error at offset 0 of 19625 bytes in [CORE/cake/libs/cache/file.php, line 184]
2008-10-07 12:52:41 Notice: Notice (8): Undefined index:   in [APP/views/games/view.ctp, line 7]
2008-10-07 12:52:42 Notice: Notice (8): Undefined index:   in [APP/views/games/view.ctp, line 7]
2008-10-07 12:52:42 Notice: Notice (8): Undefined index:   in [APP/views/games/view.ctp, line 7]
2008-10-07 12:54:46 Notice: Notice (8): Undefined index:   in [APP/views/games/view.ctp, line 7]
2008-10-07 12:54:47 Notice: Notice (8): Undefined index:   in [APP/views/games/view.ctp, line 7]
2008-10-07 12:54:47 Notice: Notice (8): Undefined index:   in [APP/views/games/view.ctp, line 7]
2008-10-07 12:55:03 Notice: Notice (8): Undefined index:   in [APP/views/games/view.ctp, line 7]
2008-10-07 12:55:03 Notice: Notice (8): Undefined index:   in [APP/views/games/view.ctp, line 7]
2008-10-07 12:55:03 Notice: Notice (8): Undefined index:   in [APP/views/games/view.ctp, line 7]
2008-10-07 12:55:34 Notice: Notice (8): Undefined index:  user_name in [APP/views/games/view.ctp, line 60]
2008-10-07 12:55:35 Notice: Notice (8): Undefined index:   in [APP/views/games/view.ctp, line 6]
2008-10-07 12:55:36 Notice: Notice (8): Undefined index:   in [APP/views/games/view.ctp, line 6]
2008-10-07 12:55:37 Notice: Notice (8): Undefined index:   in [APP/views/games/view.ctp, line 6]
2008-10-07 12:56:10 Notice: Notice (8): Undefined index:   in [APP/views/games/view.ctp, line 6]
2008-10-07 12:56:10 Notice: Notice (8): Undefined index:   in [APP/views/games/view.ctp, line 6]
2008-10-07 12:56:11 Notice: Notice (8): Undefined index:   in [APP/views/games/view.ctp, line 6]
2008-10-07 12:57:31 Notice: Notice (8): unserialize() [<a href='http://php.net/function.unserialize'>function.unserialize</a>]: Error at offset 0 of 779 bytes in [CORE/cake/libs/cache/file.php, line 184]
2008-10-07 12:57:33 Notice: Notice (8): Undefined index:   in [APP/views/games/view.ctp, line 6]
2008-10-07 12:57:33 Notice: Notice (8): Undefined index:   in [APP/views/games/view.ctp, line 6]
2008-10-07 12:57:33 Notice: Notice (8): Undefined index:   in [APP/views/games/view.ctp, line 6]
2008-10-07 13:48:12 Notice: Notice (8): Undefined index:   in [APP/views/games/view.ctp, line 6]
2008-10-07 13:48:23 Notice: Notice (8): Undefined index:   in [APP/views/games/view.ctp, line 6]
2008-10-07 13:48:24 Notice: Notice (8): Undefined index:   in [APP/views/games/view.ctp, line 6]
2008-10-07 13:48:24 Notice: Notice (8): Undefined index:   in [APP/views/games/view.ctp, line 6]
2008-10-07 13:50:35 Notice: Notice (8): Undefined index:   in [APP/views/games/view.ctp, line 6]
2008-10-07 13:50:49 Notice: Notice (8): Undefined index:   in [APP/views/games/view.ctp, line 6]
2008-10-07 13:50:49 Notice: Notice (8): Undefined index:   in [APP/views/games/view.ctp, line 6]
2008-10-07 13:50:50 Notice: Notice (8): Undefined index:   in [APP/views/games/view.ctp, line 6]
2008-10-07 13:52:04 Notice: Notice (8): Undefined index:   in [APP/views/games/view.ctp, line 6]
2008-10-07 13:52:04 Notice: Notice (8): Undefined index:   in [APP/views/games/view.ctp, line 6]
2008-10-07 13:52:05 Notice: Notice (8): Undefined index:   in [APP/views/games/view.ctp, line 6]
2008-10-11 19:46:59 Notice: Notice (8): Undefined index:   in [APP/views/games/view.ctp, line 6]
2008-10-11 19:48:39 Notice: Notice (8): Undefined property: UsersController::$Game in [APP/controllers/users_controller.php, line 28]
2008-10-11 20:28:30 Notice: Notice (8): Undefined index:  user_timezeone in [APP/views/users/view.ctp, line 23]
2008-10-11 21:01:07 Notice: Notice (8): Undefined index:  Game_Proposed in [APP/views/users/view.ctp, line 27]
2008-10-11 21:03:18 Notice: Notice (8): Undefined index:   in [APP/views/games/view.ctp, line 6]
2008-10-11 21:03:19 Notice: Notice (8): Undefined index:   in [APP/views/games/view.ctp, line 6]
2008-10-11 21:03:20 Notice: Notice (8): Undefined index:   in [APP/views/games/view.ctp, line 6]
2008-10-11 21:04:44 Notice: Notice (8): Undefined index:   in [APP/views/games/view.ctp, line 6]
2008-10-11 21:04:44 Notice: Notice (8): Undefined index:   in [APP/views/games/view.ctp, line 6]
2008-10-11 21:04:44 Notice: Notice (8): Undefined index:   in [APP/views/games/view.ctp, line 6]
2008-10-11 21:05:35 Notice: Notice (8): Undefined index:   in [APP/views/games/view.ctp, line 6]
2008-10-11 21:05:36 Notice: Notice (8): Undefined index:   in [APP/views/games/view.ctp, line 6]
2008-10-11 21:05:37 Notice: Notice (8): Undefined index:   in [APP/views/games/view.ctp, line 6]
2008-10-11 21:06:36 Notice: Notice (8): Undefined index:   in [APP/views/games/view.ctp, line 6]
2008-10-11 21:06:37 Notice: Notice (8): Undefined index:   in [APP/views/games/view.ctp, line 6]
2008-10-11 21:06:37 Notice: Notice (8): Undefined index:   in [APP/views/games/view.ctp, line 6]
2008-10-11 21:07:23 Notice: Notice (8): Undefined index:   in [APP/views/games/view.ctp, line 6]
2008-10-11 21:07:23 Notice: Notice (8): Undefined index:   in [APP/views/games/view.ctp, line 6]
2008-10-11 21:07:24 Notice: Notice (8): Undefined index:   in [APP/views/games/view.ctp, line 6]
2008-10-11 21:07:46 Notice: Notice (8): Undefined index:   in [APP/views/games/view.ctp, line 6]
2008-10-11 21:07:46 Notice: Notice (8): Undefined index:   in [APP/views/games/view.ctp, line 6]
2008-10-11 21:07:47 Notice: Notice (8): Undefined index:   in [APP/views/games/view.ctp, line 6]
2008-10-11 21:08:37 Notice: Notice (8): Undefined index:   in [APP/views/games/view.ctp, line 6]
2008-10-11 21:08:37 Notice: Notice (8): Undefined index:   in [APP/views/games/view.ctp, line 6]
2008-10-11 21:08:38 Notice: Notice (8): Undefined index:   in [APP/views/games/view.ctp, line 6]
2008-10-11 21:17:18 Notice: Notice (8): Undefined index:   in [APP/views/games/view.ctp, line 6]
2008-10-11 21:17:18 Notice: Notice (8): Undefined index:   in [APP/views/games/view.ctp, line 6]
2008-10-11 21:17:19 Notice: Notice (8): Undefined index:   in [APP/views/games/view.ctp, line 6]
2008-10-11 21:24:46 Notice: Notice (8): Undefined index:   in [APP/views/games/view.ctp, line 6]
2008-10-11 21:24:46 Notice: Notice (8): Undefined index:   in [APP/views/games/view.ctp, line 6]
2008-10-11 21:24:46 Notice: Notice (8): Undefined index:   in [APP/views/games/view.ctp, line 6]
2008-10-11 21:29:45 Notice: Notice (8): Undefined index:   in [APP/views/games/view.ctp, line 6]
2008-10-11 21:29:45 Notice: Notice (8): Undefined index:   in [APP/views/games/view.ctp, line 6]
2008-10-11 21:29:46 Notice: Notice (8): Undefined index:   in [APP/views/games/view.ctp, line 6]
2008-10-11 22:00:07 Notice: Notice (8): Undefined index:   in [APP/views/games/view.ctp, line 6]
2008-10-11 22:00:08 Notice: Notice (8): Undefined index:   in [APP/views/games/view.ctp, line 6]
2008-10-11 22:00:09 Notice: Notice (8): Undefined index:   in [APP/views/games/view.ctp, line 6]
2008-10-12 10:30:51 Notice: Notice (8): Undefined index:  user_signature in [APP/views/users/view.ctp, line 24]
